Determining if the pthread_create exist failed with the following output:
Change Dir: /home/mxr/dep/any_node/param_io/build/CMakeFiles/CMakeTmp

Run Build Command:"/usr/bin/make" "cmTC_2e0a0/fast"
/usr/bin/make -f CMakeFiles/cmTC_2e0a0.dir/build.make CMakeFiles/cmTC_2e0a0.dir/build
make[1]: Entering directory '/home/mxr/dep/any_node/param_io/build/CMakeFiles/CMakeTmp'
Building C object CMakeFiles/cmTC_2e0a0.dir/CheckSymbolExists.c.o
/usr/bin/cc     -o CMakeFiles/cmTC_2e0a0.dir/CheckSymbolExists.c.o   -c /home/mxr/dep/any_node/param_io/build/CMakeFiles/CMakeTmp/CheckSymbolExists.c
Linking C executable cmTC_2e0a0
/usr/bin/cmake -E cmake_link_script CMakeFiles/cmTC_2e0a0.dir/link.txt --verbose=1
/usr/bin/cc       CMakeFiles/cmTC_2e0a0.dir/CheckSymbolExists.c.o  -o cmTC_2e0a0 -rdynamic 
CMakeFiles/cmTC_2e0a0.dir/CheckSymbolExists.c.o：在函数‘main’中：
CheckSymbolExists.c:(.text+0x16)：对‘pthread_create’未定义的引用
collect2: error: ld returned 1 exit status
CMakeFiles/cmTC_2e0a0.dir/build.make:97: recipe for target 'cmTC_2e0a0' failed
make[1]: *** [cmTC_2e0a0] Error 1
make[1]: Leaving directory '/home/mxr/dep/any_node/param_io/build/CMakeFiles/CMakeTmp'
Makefile:126: recipe for target 'cmTC_2e0a0/fast' failed
make: *** [cmTC_2e0a0/fast] Error 2

File /home/mxr/dep/any_node/param_io/build/CMakeFiles/CMakeTmp/CheckSymbolExists.c:
/* */
#include <pthread.h>

int main(int argc, char** argv)
{
  (void)argv;
#ifndef pthread_create
  return ((int*)(&pthread_create))[argc];
#else
  (void)argc;
  return 0;
#endif
}

Determining if the function pthread_create exists in the pthreads failed with the following output:
Change Dir: /home/mxr/dep/any_node/param_io/build/CMakeFiles/CMakeTmp

Run Build Command:"/usr/bin/make" "cmTC_eb7b7/fast"
/usr/bin/make -f CMakeFiles/cmTC_eb7b7.dir/build.make CMakeFiles/cmTC_eb7b7.dir/build
make[1]: Entering directory '/home/mxr/dep/any_node/param_io/build/CMakeFiles/CMakeTmp'
Building C object CMakeFiles/cmTC_eb7b7.dir/CheckFunctionExists.c.o
/usr/bin/cc    -DCHECK_FUNCTION_EXISTS=pthread_create   -o CMakeFiles/cmTC_eb7b7.dir/CheckFunctionExists.c.o   -c /usr/share/cmake-3.5/Modules/CheckFunctionExists.c
Linking C executable cmTC_eb7b7
/usr/bin/cmake -E cmake_link_script CMakeFiles/cmTC_eb7b7.dir/link.txt --verbose=1
/usr/bin/cc   -DCHECK_FUNCTION_EXISTS=pthread_create    CMakeFiles/cmTC_eb7b7.dir/CheckFunctionExists.c.o  -o cmTC_eb7b7 -rdynamic -lpthreads 
/usr/bin/ld: 找不到 -lpthreads
collect2: error: ld returned 1 exit status
CMakeFiles/cmTC_eb7b7.dir/build.make:97: recipe for target 'cmTC_eb7b7' failed
make[1]: *** [cmTC_eb7b7] Error 1
make[1]: Leaving directory '/home/mxr/dep/any_node/param_io/build/CMakeFiles/CMakeTmp'
Makefile:126: recipe for target 'cmTC_eb7b7/fast' failed
make: *** [cmTC_eb7b7/fast] Error 2


