The system is: Linux - 4.15.0-120-generic - x86_64
Compiling the C compiler identification source file "CMakeCCompilerId.c" succeeded.
Compiler: /usr/bin/cc 
Build flags: 
Id flags:  

The output was:
0


Compilation of the C compiler identification source "CMakeCCompilerId.c" produced "a.out"

The C compiler identification is GNU, found in "/home/mxr/catkin_laikago/src/lcm-1.4.0/build/CMakeFiles/3.10.2/CompilerIdC/a.out"

Compiling the CXX compiler identification source file "CMakeCXXCompilerId.cpp" succeeded.
Compiler: /usr/bin/c++ 
Build flags: 
Id flags:  

The output was:
0


Compilation of the CXX compiler identification source "CMakeCXXCompilerId.cpp" produced "a.out"

The CXX compiler identification is GNU, found in "/home/mxr/catkin_laikago/src/lcm-1.4.0/build/CMakeFiles/3.10.2/CompilerIdCXX/a.out"

Determining if the C compiler works passed with the following output:
Change Dir: /home/mxr/catkin_laikago/src/lcm-1.4.0/build/CMakeFiles/CMakeTmp

Run Build Command:"/usr/bin/make" "cmTC_1af68/fast"
/usr/bin/make -f CMakeFiles/cmTC_1af68.dir/build.make CMakeFiles/cmTC_1af68.dir/build
make[1]: Entering directory '/home/mxr/catkin_laikago/src/lcm-1.4.0/build/CMakeFiles/CMakeTmp'
Building C object CMakeFiles/cmTC_1af68.dir/testCCompiler.c.o
/usr/bin/cc    -o CMakeFiles/cmTC_1af68.dir/testCCompiler.c.o   -c /home/mxr/catkin_laikago/src/lcm-1.4.0/build/CMakeFiles/CMakeTmp/testCCompiler.c
Linking C executable cmTC_1af68
/usr/local/bin/cmake -E cmake_link_script CMakeFiles/cmTC_1af68.dir/link.txt --verbose=1
/usr/bin/cc      -rdynamic CMakeFiles/cmTC_1af68.dir/testCCompiler.c.o  -o cmTC_1af68 
make[1]: Leaving directory '/home/mxr/catkin_laikago/src/lcm-1.4.0/build/CMakeFiles/CMakeTmp'


Detecting C compiler ABI info compiled with the following output:
Change Dir: /home/mxr/catkin_laikago/src/lcm-1.4.0/build/CMakeFiles/CMakeTmp

Run Build Command:"/usr/bin/make" "cmTC_bd008/fast"
/usr/bin/make -f CMakeFiles/cmTC_bd008.dir/build.make CMakeFiles/cmTC_bd008.dir/build
make[1]: Entering directory '/home/mxr/catkin_laikago/src/lcm-1.4.0/build/CMakeFiles/CMakeTmp'
Building C object CMakeFiles/cmTC_bd008.dir/CMakeCCompilerABI.c.o
/usr/bin/cc    -o CMakeFiles/cmTC_bd008.dir/CMakeCCompilerABI.c.o   -c /usr/local/share/cmake-3.10/Modules/CMakeCCompilerABI.c
Linking C executable cmTC_bd008
/usr/local/bin/cmake -E cmake_link_script CMakeFiles/cmTC_bd008.dir/link.txt --verbose=1
/usr/bin/cc     -v -rdynamic CMakeFiles/cmTC_bd008.dir/CMakeCCompilerABI.c.o  -o cmTC_bd008 
Using built-in specs.
COLLECT_GCC=/usr/bin/cc
COLLECT_LTO_WRAPPER=/usr/lib/gcc/x86_64-linux-gnu/5/lto-wrapper
Target: x86_64-linux-gnu
Configured with: ../src/configure -v --with-pkgversion='Ubuntu 5.4.0-6ubuntu1~16.04.12' --with-bugurl=file:///usr/share/doc/gcc-5/README.Bugs --enable-languages=c,ada,c++,java,go,d,fortran,objc,obj-c++ --prefix=/usr --program-suffix=-5 --enable-shared --enable-linker-build-id --libexecdir=/usr/lib --without-included-gettext --enable-threads=posix --libdir=/usr/lib --enable-nls --with-sysroot=/ --enable-clocale=gnu --enable-libstdcxx-debug --enable-libstdcxx-time=yes --with-default-libstdcxx-abi=new --enable-gnu-unique-object --disable-vtable-verify --enable-libmpx --enable-plugin --with-system-zlib --disable-browser-plugin --enable-java-awt=gtk --enable-gtk-cairo --with-java-home=/usr/lib/jvm/java-1.5.0-gcj-5-amd64/jre --enable-java-home --with-jvm-root-dir=/usr/lib/jvm/java-1.5.0-gcj-5-amd64 --with-jvm-jar-dir=/usr/lib/jvm-exports/java-1.5.0-gcj-5-amd64 --with-arch-directory=amd64 --with-ecj-jar=/usr/share/java/eclipse-ecj.jar --enable-objc-gc --enable-multiarch --disable-werror --with-arch-32=i686 --with-abi=m64 --with-multilib-list=m32,m64,mx32 --enable-multilib --with-tune=generic --enable-checking=release --build=x86_64-linux-gnu --host=x86_64-linux-gnu --target=x86_64-linux-gnu
Thread model: posix
gcc version 5.4.0 20160609 (Ubuntu 5.4.0-6ubuntu1~16.04.12) 
COMPILER_PATH=/usr/lib/gcc/x86_64-linux-gnu/5/:/usr/lib/gcc/x86_64-linux-gnu/5/:/usr/lib/gcc/x86_64-linux-gnu/:/usr/lib/gcc/x86_64-linux-gnu/5/:/usr/lib/gcc/x86_64-linux-gnu/
LIBRARY_PATH=/usr/lib/gcc/x86_64-linux-gnu/5/:/usr/lib/gcc/x86_64-linux-gnu/5/../../../x86_64-linux-gnu/:/usr/lib/gcc/x86_64-linux-gnu/5/../../../../lib/:/lib/x86_64-linux-gnu/:/lib/../lib/:/usr/lib/x86_64-linux-gnu/:/usr/lib/../lib/:/usr/lib/gcc/x86_64-linux-gnu/5/../../../:/lib/:/usr/lib/
COLLECT_GCC_OPTIONS='-v' '-rdynamic' '-o' 'cmTC_bd008' '-mtune=generic' '-march=x86-64'
 /usr/lib/gcc/x86_64-linux-gnu/5/collect2 -plugin /usr/lib/gcc/x86_64-linux-gnu/5/liblto_plugin.so -plugin-opt=/usr/lib/gcc/x86_64-linux-gnu/5/lto-wrapper -plugin-opt=-fresolution=/tmp/ccfeTxhM.res -plugin-opt=-pass-through=-lgcc -plugin-opt=-pass-through=-lgcc_s -plugin-opt=-pass-through=-lc -plugin-opt=-pass-through=-lgcc -plugin-opt=-pass-through=-lgcc_s --sysroot=/ --build-id --eh-frame-hdr -m elf_x86_64 --hash-style=gnu --as-needed -export-dynamic -dynamic-linker /lib64/ld-linux-x86-64.so.2 -z relro -o cmTC_bd008 /usr/lib/gcc/x86_64-linux-gnu/5/../../../x86_64-linux-gnu/crt1.o /usr/lib/gcc/x86_64-linux-gnu/5/../../../x86_64-linux-gnu/crti.o /usr/lib/gcc/x86_64-linux-gnu/5/crtbegin.o -L/usr/lib/gcc/x86_64-linux-gnu/5 -L/usr/lib/gcc/x86_64-linux-gnu/5/../../../x86_64-linux-gnu -L/usr/lib/gcc/x86_64-linux-gnu/5/../../../../lib -L/lib/x86_64-linux-gnu -L/lib/../lib -L/usr/lib/x86_64-linux-gnu -L/usr/lib/../lib -L/usr/lib/gcc/x86_64-linux-gnu/5/../../.. CMakeFiles/cmTC_bd008.dir/CMakeCCompilerABI.c.o -lgcc --as-needed -lgcc_s --no-as-needed -lc -lgcc --as-needed -lgcc_s --no-as-needed /usr/lib/gcc/x86_64-linux-gnu/5/crtend.o /usr/lib/gcc/x86_64-linux-gnu/5/../../../x86_64-linux-gnu/crtn.o
make[1]: Leaving directory '/home/mxr/catkin_laikago/src/lcm-1.4.0/build/CMakeFiles/CMakeTmp'


Parsed C implicit link information from above output:
  link line regex: [^( *|.*[/\])(ld|CMAKE_LINK_STARTFILE-NOTFOUND|([^/\]+-)?ld|collect2)[^/\]*( |$)]
  ignore line: [Change Dir: /home/mxr/catkin_laikago/src/lcm-1.4.0/build/CMakeFiles/CMakeTmp]
  ignore line: []
  ignore line: [Run Build Command:"/usr/bin/make" "cmTC_bd008/fast"]
  ignore line: [/usr/bin/make -f CMakeFiles/cmTC_bd008.dir/build.make CMakeFiles/cmTC_bd008.dir/build]
  ignore line: [make[1]: Entering directory '/home/mxr/catkin_laikago/src/lcm-1.4.0/build/CMakeFiles/CMakeTmp']
  ignore line: [Building C object CMakeFiles/cmTC_bd008.dir/CMakeCCompilerABI.c.o]
  ignore line: [/usr/bin/cc    -o CMakeFiles/cmTC_bd008.dir/CMakeCCompilerABI.c.o   -c /usr/local/share/cmake-3.10/Modules/CMakeCCompilerABI.c]
  ignore line: [Linking C executable cmTC_bd008]
  ignore line: [/usr/local/bin/cmake -E cmake_link_script CMakeFiles/cmTC_bd008.dir/link.txt --verbose=1]
  ignore line: [/usr/bin/cc     -v -rdynamic CMakeFiles/cmTC_bd008.dir/CMakeCCompilerABI.c.o  -o cmTC_bd008 ]
  ignore line: [Using built-in specs.]
  ignore line: [COLLECT_GCC=/usr/bin/cc]
  ignore line: [COLLECT_LTO_WRAPPER=/usr/lib/gcc/x86_64-linux-gnu/5/lto-wrapper]
  ignore line: [Target: x86_64-linux-gnu]
  ignore line: [Configured with: ../src/configure -v --with-pkgversion='Ubuntu 5.4.0-6ubuntu1~16.04.12' --with-bugurl=file:///usr/share/doc/gcc-5/README.Bugs --enable-languages=c,ada,c++,java,go,d,fortran,objc,obj-c++ --prefix=/usr --program-suffix=-5 --enable-shared --enable-linker-build-id --libexecdir=/usr/lib --without-included-gettext --enable-threads=posix --libdir=/usr/lib --enable-nls --with-sysroot=/ --enable-clocale=gnu --enable-libstdcxx-debug --enable-libstdcxx-time=yes --with-default-libstdcxx-abi=new --enable-gnu-unique-object --disable-vtable-verify --enable-libmpx --enable-plugin --with-system-zlib --disable-browser-plugin --enable-java-awt=gtk --enable-gtk-cairo --with-java-home=/usr/lib/jvm/java-1.5.0-gcj-5-amd64/jre --enable-java-home --with-jvm-root-dir=/usr/lib/jvm/java-1.5.0-gcj-5-amd64 --with-jvm-jar-dir=/usr/lib/jvm-exports/java-1.5.0-gcj-5-amd64 --with-arch-directory=amd64 --with-ecj-jar=/usr/share/java/eclipse-ecj.jar --enable-objc-gc --enable-multiarch --disable-werror --with-arch-32=i686 --with-abi=m64 --with-multilib-list=m32,m64,mx32 --enable-multilib --with-tune=generic --enable-checking=release --build=x86_64-linux-gnu --host=x86_64-linux-gnu --target=x86_64-linux-gnu]
  ignore line: [Thread model: posix]
  ignore line: [gcc version 5.4.0 20160609 (Ubuntu 5.4.0-6ubuntu1~16.04.12) ]
  ignore line: [COMPILER_PATH=/usr/lib/gcc/x86_64-linux-gnu/5/:/usr/lib/gcc/x86_64-linux-gnu/5/:/usr/lib/gcc/x86_64-linux-gnu/:/usr/lib/gcc/x86_64-linux-gnu/5/:/usr/lib/gcc/x86_64-linux-gnu/]
  ignore line: [LIBRARY_PATH=/usr/lib/gcc/x86_64-linux-gnu/5/:/usr/lib/gcc/x86_64-linux-gnu/5/../../../x86_64-linux-gnu/:/usr/lib/gcc/x86_64-linux-gnu/5/../../../../lib/:/lib/x86_64-linux-gnu/:/lib/../lib/:/usr/lib/x86_64-linux-gnu/:/usr/lib/../lib/:/usr/lib/gcc/x86_64-linux-gnu/5/../../../:/lib/:/usr/lib/]
  ignore line: [COLLECT_GCC_OPTIONS='-v' '-rdynamic' '-o' 'cmTC_bd008' '-mtune=generic' '-march=x86-64']
  link line: [ /usr/lib/gcc/x86_64-linux-gnu/5/collect2 -plugin /usr/lib/gcc/x86_64-linux-gnu/5/liblto_plugin.so -plugin-opt=/usr/lib/gcc/x86_64-linux-gnu/5/lto-wrapper -plugin-opt=-fresolution=/tmp/ccfeTxhM.res -plugin-opt=-pass-through=-lgcc -plugin-opt=-pass-through=-lgcc_s -plugin-opt=-pass-through=-lc -plugin-opt=-pass-through=-lgcc -plugin-opt=-pass-through=-lgcc_s --sysroot=/ --build-id --eh-frame-hdr -m elf_x86_64 --hash-style=gnu --as-needed -export-dynamic -dynamic-linker /lib64/ld-linux-x86-64.so.2 -z relro -o cmTC_bd008 /usr/lib/gcc/x86_64-linux-gnu/5/../../../x86_64-linux-gnu/crt1.o /usr/lib/gcc/x86_64-linux-gnu/5/../../../x86_64-linux-gnu/crti.o /usr/lib/gcc/x86_64-linux-gnu/5/crtbegin.o -L/usr/lib/gcc/x86_64-linux-gnu/5 -L/usr/lib/gcc/x86_64-linux-gnu/5/../../../x86_64-linux-gnu -L/usr/lib/gcc/x86_64-linux-gnu/5/../../../../lib -L/lib/x86_64-linux-gnu -L/lib/../lib -L/usr/lib/x86_64-linux-gnu -L/usr/lib/../lib -L/usr/lib/gcc/x86_64-linux-gnu/5/../../.. CMakeFiles/cmTC_bd008.dir/CMakeCCompilerABI.c.o -lgcc --as-needed -lgcc_s --no-as-needed -lc -lgcc --as-needed -lgcc_s --no-as-needed /usr/lib/gcc/x86_64-linux-gnu/5/crtend.o /usr/lib/gcc/x86_64-linux-gnu/5/../../../x86_64-linux-gnu/crtn.o]
    arg [/usr/lib/gcc/x86_64-linux-gnu/5/collect2] ==> ignore
    arg [-plugin] ==> ignore
    arg [/usr/lib/gcc/x86_64-linux-gnu/5/liblto_plugin.so] ==> ignore
    arg [-plugin-opt=/usr/lib/gcc/x86_64-linux-gnu/5/lto-wrapper] ==> ignore
    arg [-plugin-opt=-fresolution=/tmp/ccfeTxhM.res] ==> ignore
    arg [-plugin-opt=-pass-through=-lgcc] ==> ignore
    arg [-plugin-opt=-pass-through=-lgcc_s] ==> ignore
    arg [-plugin-opt=-pass-through=-lc] ==> ignore
    arg [-plugin-opt=-pass-through=-lgcc] ==> ignore
    arg [-plugin-opt=-pass-through=-lgcc_s] ==> ignore
    arg [--sysroot=/] ==> ignore
    arg [--build-id] ==> ignore
    arg [--eh-frame-hdr] ==> ignore
    arg [-m] ==> ignore
    arg [elf_x86_64] ==> ignore
    arg [--hash-style=gnu] ==> ignore
    arg [--as-needed] ==> ignore
    arg [-export-dynamic] ==> ignore
    arg [-dynamic-linker] ==> ignore
    arg [/lib64/ld-linux-x86-64.so.2] ==> ignore
    arg [-zrelro] ==> ignore
    arg [-o] ==> ignore
    arg [cmTC_bd008] ==> ignore
    arg [/usr/lib/gcc/x86_64-linux-gnu/5/../../../x86_64-linux-gnu/crt1.o] ==> ignore
    arg [/usr/lib/gcc/x86_64-linux-gnu/5/../../../x86_64-linux-gnu/crti.o] ==> ignore
    arg [/usr/lib/gcc/x86_64-linux-gnu/5/crtbegin.o] ==> ignore
    arg [-L/usr/lib/gcc/x86_64-linux-gnu/5] ==> dir [/usr/lib/gcc/x86_64-linux-gnu/5]
    arg [-L/usr/lib/gcc/x86_64-linux-gnu/5/../../../x86_64-linux-gnu] ==> dir [/usr/lib/gcc/x86_64-linux-gnu/5/../../../x86_64-linux-gnu]
    arg [-L/usr/lib/gcc/x86_64-linux-gnu/5/../../../../lib] ==> dir [/usr/lib/gcc/x86_64-linux-gnu/5/../../../../lib]
    arg [-L/lib/x86_64-linux-gnu] ==> dir [/lib/x86_64-linux-gnu]
    arg [-L/lib/../lib] ==> dir [/lib/../lib]
    arg [-L/usr/lib/x86_64-linux-gnu] ==> dir [/usr/lib/x86_64-linux-gnu]
    arg [-L/usr/lib/../lib] ==> dir [/usr/lib/../lib]
    arg [-L/usr/lib/gcc/x86_64-linux-gnu/5/../../..] ==> dir [/usr/lib/gcc/x86_64-linux-gnu/5/../../..]
    arg [CMakeFiles/cmTC_bd008.dir/CMakeCCompilerABI.c.o] ==> ignore
    arg [-lgcc] ==> lib [gcc]
    arg [--as-needed] ==> ignore
    arg [-lgcc_s] ==> lib [gcc_s]
    arg [--no-as-needed] ==> ignore
    arg [-lc] ==> lib [c]
    arg [-lgcc] ==> lib [gcc]
    arg [--as-needed] ==> ignore
    arg [-lgcc_s] ==> lib [gcc_s]
    arg [--no-as-needed] ==> ignore
    arg [/usr/lib/gcc/x86_64-linux-gnu/5/crtend.o] ==> ignore
    arg [/usr/lib/gcc/x86_64-linux-gnu/5/../../../x86_64-linux-gnu/crtn.o] ==> ignore
  collapse library dir [/usr/lib/gcc/x86_64-linux-gnu/5] ==> [/usr/lib/gcc/x86_64-linux-gnu/5]
  collapse library dir [/usr/lib/gcc/x86_64-linux-gnu/5/../../../x86_64-linux-gnu] ==> [/usr/lib/x86_64-linux-gnu]
  collapse library dir [/usr/lib/gcc/x86_64-linux-gnu/5/../../../../lib] ==> [/usr/lib]
  collapse library dir [/lib/x86_64-linux-gnu] ==> [/lib/x86_64-linux-gnu]
  collapse library dir [/lib/../lib] ==> [/lib]
  collapse library dir [/usr/lib/x86_64-linux-gnu] ==> [/usr/lib/x86_64-linux-gnu]
  collapse library dir [/usr/lib/../lib] ==> [/usr/lib]
  collapse library dir [/usr/lib/gcc/x86_64-linux-gnu/5/../../..] ==> [/usr/lib]
  implicit libs: [gcc;gcc_s;c;gcc;gcc_s]
  implicit dirs: [/usr/lib/gcc/x86_64-linux-gnu/5;/usr/lib/x86_64-linux-gnu;/usr/lib;/lib/x86_64-linux-gnu;/lib]
  implicit fwks: []




Detecting C [-std=c11] compiler features compiled with the following output:
Change Dir: /home/mxr/catkin_laikago/src/lcm-1.4.0/build/CMakeFiles/CMakeTmp

Run Build Command:"/usr/bin/make" "cmTC_82e83/fast"
/usr/bin/make -f CMakeFiles/cmTC_82e83.dir/build.make CMakeFiles/cmTC_82e83.dir/build
make[1]: Entering directory '/home/mxr/catkin_laikago/src/lcm-1.4.0/build/CMakeFiles/CMakeTmp'
Building C object CMakeFiles/cmTC_82e83.dir/feature_tests.c.o
/usr/bin/cc   -std=c11 -o CMakeFiles/cmTC_82e83.dir/feature_tests.c.o   -c /home/mxr/catkin_laikago/src/lcm-1.4.0/build/CMakeFiles/feature_tests.c
Linking C executable cmTC_82e83
/usr/local/bin/cmake -E cmake_link_script CMakeFiles/cmTC_82e83.dir/link.txt --verbose=1
/usr/bin/cc      -rdynamic CMakeFiles/cmTC_82e83.dir/feature_tests.c.o  -o cmTC_82e83 
make[1]: Leaving directory '/home/mxr/catkin_laikago/src/lcm-1.4.0/build/CMakeFiles/CMakeTmp'


    Feature record: C_FEATURE:1c_function_prototypes
    Feature record: C_FEATURE:1c_restrict
    Feature record: C_FEATURE:1c_static_assert
    Feature record: C_FEATURE:1c_variadic_macros


Detecting C [-std=c99] compiler features compiled with the following output:
Change Dir: /home/mxr/catkin_laikago/src/lcm-1.4.0/build/CMakeFiles/CMakeTmp

Run Build Command:"/usr/bin/make" "cmTC_25b9f/fast"
/usr/bin/make -f CMakeFiles/cmTC_25b9f.dir/build.make CMakeFiles/cmTC_25b9f.dir/build
make[1]: Entering directory '/home/mxr/catkin_laikago/src/lcm-1.4.0/build/CMakeFiles/CMakeTmp'
Building C object CMakeFiles/cmTC_25b9f.dir/feature_tests.c.o
/usr/bin/cc   -std=c99 -o CMakeFiles/cmTC_25b9f.dir/feature_tests.c.o   -c /home/mxr/catkin_laikago/src/lcm-1.4.0/build/CMakeFiles/feature_tests.c
Linking C executable cmTC_25b9f
/usr/local/bin/cmake -E cmake_link_script CMakeFiles/cmTC_25b9f.dir/link.txt --verbose=1
/usr/bin/cc      -rdynamic CMakeFiles/cmTC_25b9f.dir/feature_tests.c.o  -o cmTC_25b9f 
make[1]: Leaving directory '/home/mxr/catkin_laikago/src/lcm-1.4.0/build/CMakeFiles/CMakeTmp'


    Feature record: C_FEATURE:1c_function_prototypes
    Feature record: C_FEATURE:1c_restrict
    Feature record: C_FEATURE:0c_static_assert
    Feature record: C_FEATURE:1c_variadic_macros


Detecting C [-std=c90] compiler features compiled with the following output:
Change Dir: /home/mxr/catkin_laikago/src/lcm-1.4.0/build/CMakeFiles/CMakeTmp

Run Build Command:"/usr/bin/make" "cmTC_097f7/fast"
/usr/bin/make -f CMakeFiles/cmTC_097f7.dir/build.make CMakeFiles/cmTC_097f7.dir/build
make[1]: Entering directory '/home/mxr/catkin_laikago/src/lcm-1.4.0/build/CMakeFiles/CMakeTmp'
Building C object CMakeFiles/cmTC_097f7.dir/feature_tests.c.o
/usr/bin/cc   -std=c90 -o CMakeFiles/cmTC_097f7.dir/feature_tests.c.o   -c /home/mxr/catkin_laikago/src/lcm-1.4.0/build/CMakeFiles/feature_tests.c
Linking C executable cmTC_097f7
/usr/local/bin/cmake -E cmake_link_script CMakeFiles/cmTC_097f7.dir/link.txt --verbose=1
/usr/bin/cc      -rdynamic CMakeFiles/cmTC_097f7.dir/feature_tests.c.o  -o cmTC_097f7 
make[1]: Leaving directory '/home/mxr/catkin_laikago/src/lcm-1.4.0/build/CMakeFiles/CMakeTmp'


    Feature record: C_FEATURE:1c_function_prototypes
    Feature record: C_FEATURE:0c_restrict
    Feature record: C_FEATURE:0c_static_assert
    Feature record: C_FEATURE:0c_variadic_macros
Determining if the CXX compiler works passed with the following output:
Change Dir: /home/mxr/catkin_laikago/src/lcm-1.4.0/build/CMakeFiles/CMakeTmp

Run Build Command:"/usr/bin/make" "cmTC_4b5c3/fast"
/usr/bin/make -f CMakeFiles/cmTC_4b5c3.dir/build.make CMakeFiles/cmTC_4b5c3.dir/build
make[1]: Entering directory '/home/mxr/catkin_laikago/src/lcm-1.4.0/build/CMakeFiles/CMakeTmp'
Building CXX object CMakeFiles/cmTC_4b5c3.dir/testCXXCompiler.cxx.o
/usr/bin/c++     -o CMakeFiles/cmTC_4b5c3.dir/testCXXCompiler.cxx.o -c /home/mxr/catkin_laikago/src/lcm-1.4.0/build/CMakeFiles/CMakeTmp/testCXXCompiler.cxx
Linking CXX executable cmTC_4b5c3
/usr/local/bin/cmake -E cmake_link_script CMakeFiles/cmTC_4b5c3.dir/link.txt --verbose=1
/usr/bin/c++       -rdynamic CMakeFiles/cmTC_4b5c3.dir/testCXXCompiler.cxx.o  -o cmTC_4b5c3 
make[1]: Leaving directory '/home/mxr/catkin_laikago/src/lcm-1.4.0/build/CMakeFiles/CMakeTmp'


Detecting CXX compiler ABI info compiled with the following output:
Change Dir: /home/mxr/catkin_laikago/src/lcm-1.4.0/build/CMakeFiles/CMakeTmp

Run Build Command:"/usr/bin/make" "cmTC_b408d/fast"
/usr/bin/make -f CMakeFiles/cmTC_b408d.dir/build.make CMakeFiles/cmTC_b408d.dir/build
make[1]: Entering directory '/home/mxr/catkin_laikago/src/lcm-1.4.0/build/CMakeFiles/CMakeTmp'
Building CXX object CMakeFiles/cmTC_b408d.dir/CMakeCXXCompilerABI.cpp.o
/usr/bin/c++     -o CMakeFiles/cmTC_b408d.dir/CMakeCXXCompilerABI.cpp.o -c /usr/local/share/cmake-3.10/Modules/CMakeCXXCompilerABI.cpp
Linking CXX executable cmTC_b408d
/usr/local/bin/cmake -E cmake_link_script CMakeFiles/cmTC_b408d.dir/link.txt --verbose=1
/usr/bin/c++      -v -rdynamic CMakeFiles/cmTC_b408d.dir/CMakeCXXCompilerABI.cpp.o  -o cmTC_b408d 
Using built-in specs.
COLLECT_GCC=/usr/bin/c++
COLLECT_LTO_WRAPPER=/usr/lib/gcc/x86_64-linux-gnu/5/lto-wrapper
Target: x86_64-linux-gnu
Configured with: ../src/configure -v --with-pkgversion='Ubuntu 5.4.0-6ubuntu1~16.04.12' --with-bugurl=file:///usr/share/doc/gcc-5/README.Bugs --enable-languages=c,ada,c++,java,go,d,fortran,objc,obj-c++ --prefix=/usr --program-suffix=-5 --enable-shared --enable-linker-build-id --libexecdir=/usr/lib --without-included-gettext --enable-threads=posix --libdir=/usr/lib --enable-nls --with-sysroot=/ --enable-clocale=gnu --enable-libstdcxx-debug --enable-libstdcxx-time=yes --with-default-libstdcxx-abi=new --enable-gnu-unique-object --disable-vtable-verify --enable-libmpx --enable-plugin --with-system-zlib --disable-browser-plugin --enable-java-awt=gtk --enable-gtk-cairo --with-java-home=/usr/lib/jvm/java-1.5.0-gcj-5-amd64/jre --enable-java-home --with-jvm-root-dir=/usr/lib/jvm/java-1.5.0-gcj-5-amd64 --with-jvm-jar-dir=/usr/lib/jvm-exports/java-1.5.0-gcj-5-amd64 --with-arch-directory=amd64 --with-ecj-jar=/usr/share/java/eclipse-ecj.jar --enable-objc-gc --enable-multiarch --disable-werror --with-arch-32=i686 --with-abi=m64 --with-multilib-list=m32,m64,mx32 --enable-multilib --with-tune=generic --enable-checking=release --build=x86_64-linux-gnu --host=x86_64-linux-gnu --target=x86_64-linux-gnu
Thread model: posix
gcc version 5.4.0 20160609 (Ubuntu 5.4.0-6ubuntu1~16.04.12) 
COMPILER_PATH=/usr/lib/gcc/x86_64-linux-gnu/5/:/usr/lib/gcc/x86_64-linux-gnu/5/:/usr/lib/gcc/x86_64-linux-gnu/:/usr/lib/gcc/x86_64-linux-gnu/5/:/usr/lib/gcc/x86_64-linux-gnu/
LIBRARY_PATH=/usr/lib/gcc/x86_64-linux-gnu/5/:/usr/lib/gcc/x86_64-linux-gnu/5/../../../x86_64-linux-gnu/:/usr/lib/gcc/x86_64-linux-gnu/5/../../../../lib/:/lib/x86_64-linux-gnu/:/lib/../lib/:/usr/lib/x86_64-linux-gnu/:/usr/lib/../lib/:/usr/lib/gcc/x86_64-linux-gnu/5/../../../:/lib/:/usr/lib/
COLLECT_GCC_OPTIONS='-v' '-rdynamic' '-o' 'cmTC_b408d' '-shared-libgcc' '-mtune=generic' '-march=x86-64'
 /usr/lib/gcc/x86_64-linux-gnu/5/collect2 -plugin /usr/lib/gcc/x86_64-linux-gnu/5/liblto_plugin.so -plugin-opt=/usr/lib/gcc/x86_64-linux-gnu/5/lto-wrapper -plugin-opt=-fresolution=/tmp/cc7wZTx7.res -plugin-opt=-pass-through=-lgcc_s -plugin-opt=-pass-through=-lgcc -plugin-opt=-pass-through=-lc -plugin-opt=-pass-through=-lgcc_s -plugin-opt=-pass-through=-lgcc --sysroot=/ --build-id --eh-frame-hdr -m elf_x86_64 --hash-style=gnu --as-needed -export-dynamic -dynamic-linker /lib64/ld-linux-x86-64.so.2 -z relro -o cmTC_b408d /usr/lib/gcc/x86_64-linux-gnu/5/../../../x86_64-linux-gnu/crt1.o /usr/lib/gcc/x86_64-linux-gnu/5/../../../x86_64-linux-gnu/crti.o /usr/lib/gcc/x86_64-linux-gnu/5/crtbegin.o -L/usr/lib/gcc/x86_64-linux-gnu/5 -L/usr/lib/gcc/x86_64-linux-gnu/5/../../../x86_64-linux-gnu -L/usr/lib/gcc/x86_64-linux-gnu/5/../../../../lib -L/lib/x86_64-linux-gnu -L/lib/../lib -L/usr/lib/x86_64-linux-gnu -L/usr/lib/../lib -L/usr/lib/gcc/x86_64-linux-gnu/5/../../.. CMakeFiles/cmTC_b408d.dir/CMakeCXXCompilerABI.cpp.o -lstdc++ -lm -lgcc_s -lgcc -lc -lgcc_s -lgcc /usr/lib/gcc/x86_64-linux-gnu/5/crtend.o /usr/lib/gcc/x86_64-linux-gnu/5/../../../x86_64-linux-gnu/crtn.o
make[1]: Leaving directory '/home/mxr/catkin_laikago/src/lcm-1.4.0/build/CMakeFiles/CMakeTmp'


Parsed CXX implicit link information from above output:
  link line regex: [^( *|.*[/\])(ld|CMAKE_LINK_STARTFILE-NOTFOUND|([^/\]+-)?ld|collect2)[^/\]*( |$)]
  ignore line: [Change Dir: /home/mxr/catkin_laikago/src/lcm-1.4.0/build/CMakeFiles/CMakeTmp]
  ignore line: []
  ignore line: [Run Build Command:"/usr/bin/make" "cmTC_b408d/fast"]
  ignore line: [/usr/bin/make -f CMakeFiles/cmTC_b408d.dir/build.make CMakeFiles/cmTC_b408d.dir/build]
  ignore line: [make[1]: Entering directory '/home/mxr/catkin_laikago/src/lcm-1.4.0/build/CMakeFiles/CMakeTmp']
  ignore line: [Building CXX object CMakeFiles/cmTC_b408d.dir/CMakeCXXCompilerABI.cpp.o]
  ignore line: [/usr/bin/c++     -o CMakeFiles/cmTC_b408d.dir/CMakeCXXCompilerABI.cpp.o -c /usr/local/share/cmake-3.10/Modules/CMakeCXXCompilerABI.cpp]
  ignore line: [Linking CXX executable cmTC_b408d]
  ignore line: [/usr/local/bin/cmake -E cmake_link_script CMakeFiles/cmTC_b408d.dir/link.txt --verbose=1]
  ignore line: [/usr/bin/c++      -v -rdynamic CMakeFiles/cmTC_b408d.dir/CMakeCXXCompilerABI.cpp.o  -o cmTC_b408d ]
  ignore line: [Using built-in specs.]
  ignore line: [COLLECT_GCC=/usr/bin/c++]
  ignore line: [COLLECT_LTO_WRAPPER=/usr/lib/gcc/x86_64-linux-gnu/5/lto-wrapper]
  ignore line: [Target: x86_64-linux-gnu]
  ignore line: [Configured with: ../src/configure -v --with-pkgversion='Ubuntu 5.4.0-6ubuntu1~16.04.12' --with-bugurl=file:///usr/share/doc/gcc-5/README.Bugs --enable-languages=c,ada,c++,java,go,d,fortran,objc,obj-c++ --prefix=/usr --program-suffix=-5 --enable-shared --enable-linker-build-id --libexecdir=/usr/lib --without-included-gettext --enable-threads=posix --libdir=/usr/lib --enable-nls --with-sysroot=/ --enable-clocale=gnu --enable-libstdcxx-debug --enable-libstdcxx-time=yes --with-default-libstdcxx-abi=new --enable-gnu-unique-object --disable-vtable-verify --enable-libmpx --enable-plugin --with-system-zlib --disable-browser-plugin --enable-java-awt=gtk --enable-gtk-cairo --with-java-home=/usr/lib/jvm/java-1.5.0-gcj-5-amd64/jre --enable-java-home --with-jvm-root-dir=/usr/lib/jvm/java-1.5.0-gcj-5-amd64 --with-jvm-jar-dir=/usr/lib/jvm-exports/java-1.5.0-gcj-5-amd64 --with-arch-directory=amd64 --with-ecj-jar=/usr/share/java/eclipse-ecj.jar --enable-objc-gc --enable-multiarch --disable-werror --with-arch-32=i686 --with-abi=m64 --with-multilib-list=m32,m64,mx32 --enable-multilib --with-tune=generic --enable-checking=release --build=x86_64-linux-gnu --host=x86_64-linux-gnu --target=x86_64-linux-gnu]
  ignore line: [Thread model: posix]
  ignore line: [gcc version 5.4.0 20160609 (Ubuntu 5.4.0-6ubuntu1~16.04.12) ]
  ignore line: [COMPILER_PATH=/usr/lib/gcc/x86_64-linux-gnu/5/:/usr/lib/gcc/x86_64-linux-gnu/5/:/usr/lib/gcc/x86_64-linux-gnu/:/usr/lib/gcc/x86_64-linux-gnu/5/:/usr/lib/gcc/x86_64-linux-gnu/]
  ignore line: [LIBRARY_PATH=/usr/lib/gcc/x86_64-linux-gnu/5/:/usr/lib/gcc/x86_64-linux-gnu/5/../../../x86_64-linux-gnu/:/usr/lib/gcc/x86_64-linux-gnu/5/../../../../lib/:/lib/x86_64-linux-gnu/:/lib/../lib/:/usr/lib/x86_64-linux-gnu/:/usr/lib/../lib/:/usr/lib/gcc/x86_64-linux-gnu/5/../../../:/lib/:/usr/lib/]
  ignore line: [COLLECT_GCC_OPTIONS='-v' '-rdynamic' '-o' 'cmTC_b408d' '-shared-libgcc' '-mtune=generic' '-march=x86-64']
  link line: [ /usr/lib/gcc/x86_64-linux-gnu/5/collect2 -plugin /usr/lib/gcc/x86_64-linux-gnu/5/liblto_plugin.so -plugin-opt=/usr/lib/gcc/x86_64-linux-gnu/5/lto-wrapper -plugin-opt=-fresolution=/tmp/cc7wZTx7.res -plugin-opt=-pass-through=-lgcc_s -plugin-opt=-pass-through=-lgcc -plugin-opt=-pass-through=-lc -plugin-opt=-pass-through=-lgcc_s -plugin-opt=-pass-through=-lgcc --sysroot=/ --build-id --eh-frame-hdr -m elf_x86_64 --hash-style=gnu --as-needed -export-dynamic -dynamic-linker /lib64/ld-linux-x86-64.so.2 -z relro -o cmTC_b408d /usr/lib/gcc/x86_64-linux-gnu/5/../../../x86_64-linux-gnu/crt1.o /usr/lib/gcc/x86_64-linux-gnu/5/../../../x86_64-linux-gnu/crti.o /usr/lib/gcc/x86_64-linux-gnu/5/crtbegin.o -L/usr/lib/gcc/x86_64-linux-gnu/5 -L/usr/lib/gcc/x86_64-linux-gnu/5/../../../x86_64-linux-gnu -L/usr/lib/gcc/x86_64-linux-gnu/5/../../../../lib -L/lib/x86_64-linux-gnu -L/lib/../lib -L/usr/lib/x86_64-linux-gnu -L/usr/lib/../lib -L/usr/lib/gcc/x86_64-linux-gnu/5/../../.. CMakeFiles/cmTC_b408d.dir/CMakeCXXCompilerABI.cpp.o -lstdc++ -lm -lgcc_s -lgcc -lc -lgcc_s -lgcc /usr/lib/gcc/x86_64-linux-gnu/5/crtend.o /usr/lib/gcc/x86_64-linux-gnu/5/../../../x86_64-linux-gnu/crtn.o]
    arg [/usr/lib/gcc/x86_64-linux-gnu/5/collect2] ==> ignore
    arg [-plugin] ==> ignore
    arg [/usr/lib/gcc/x86_64-linux-gnu/5/liblto_plugin.so] ==> ignore
    arg [-plugin-opt=/usr/lib/gcc/x86_64-linux-gnu/5/lto-wrapper] ==> ignore
    arg [-plugin-opt=-fresolution=/tmp/cc7wZTx7.res] ==> ignore
    arg [-plugin-opt=-pass-through=-lgcc_s] ==> ignore
    arg [-plugin-opt=-pass-through=-lgcc] ==> ignore
    arg [-plugin-opt=-pass-through=-lc] ==> ignore
    arg [-plugin-opt=-pass-through=-lgcc_s] ==> ignore
    arg [-plugin-opt=-pass-through=-lgcc] ==> ignore
    arg [--sysroot=/] ==> ignore
    arg [--build-id] ==> ignore
    arg [--eh-frame-hdr] ==> ignore
    arg [-m] ==> ignore
    arg [elf_x86_64] ==> ignore
    arg [--hash-style=gnu] ==> ignore
    arg [--as-needed] ==> ignore
    arg [-export-dynamic] ==> ignore
    arg [-dynamic-linker] ==> ignore
    arg [/lib64/ld-linux-x86-64.so.2] ==> ignore
    arg [-zrelro] ==> ignore
    arg [-o] ==> ignore
    arg [cmTC_b408d] ==> ignore
    arg [/usr/lib/gcc/x86_64-linux-gnu/5/../../../x86_64-linux-gnu/crt1.o] ==> ignore
    arg [/usr/lib/gcc/x86_64-linux-gnu/5/../../../x86_64-linux-gnu/crti.o] ==> ignore
    arg [/usr/lib/gcc/x86_64-linux-gnu/5/crtbegin.o] ==> ignore
    arg [-L/usr/lib/gcc/x86_64-linux-gnu/5] ==> dir [/usr/lib/gcc/x86_64-linux-gnu/5]
    arg [-L/usr/lib/gcc/x86_64-linux-gnu/5/../../../x86_64-linux-gnu] ==> dir [/usr/lib/gcc/x86_64-linux-gnu/5/../../../x86_64-linux-gnu]
    arg [-L/usr/lib/gcc/x86_64-linux-gnu/5/../../../../lib] ==> dir [/usr/lib/gcc/x86_64-linux-gnu/5/../../../../lib]
    arg [-L/lib/x86_64-linux-gnu] ==> dir [/lib/x86_64-linux-gnu]
    arg [-L/lib/../lib] ==> dir [/lib/../lib]
    arg [-L/usr/lib/x86_64-linux-gnu] ==> dir [/usr/lib/x86_64-linux-gnu]
    arg [-L/usr/lib/../lib] ==> dir [/usr/lib/../lib]
    arg [-L/usr/lib/gcc/x86_64-linux-gnu/5/../../..] ==> dir [/usr/lib/gcc/x86_64-linux-gnu/5/../../..]
    arg [CMakeFiles/cmTC_b408d.dir/CMakeCXXCompilerABI.cpp.o] ==> ignore
    arg [-lstdc++] ==> lib [stdc++]
    arg [-lm] ==> lib [m]
    arg [-lgcc_s] ==> lib [gcc_s]
    arg [-lgcc] ==> lib [gcc]
    arg [-lc] ==> lib [c]
    arg [-lgcc_s] ==> lib [gcc_s]
    arg [-lgcc] ==> lib [gcc]
    arg [/usr/lib/gcc/x86_64-linux-gnu/5/crtend.o] ==> ignore
    arg [/usr/lib/gcc/x86_64-linux-gnu/5/../../../x86_64-linux-gnu/crtn.o] ==> ignore
  collapse library dir [/usr/lib/gcc/x86_64-linux-gnu/5] ==> [/usr/lib/gcc/x86_64-linux-gnu/5]
  collapse library dir [/usr/lib/gcc/x86_64-linux-gnu/5/../../../x86_64-linux-gnu] ==> [/usr/lib/x86_64-linux-gnu]
  collapse library dir [/usr/lib/gcc/x86_64-linux-gnu/5/../../../../lib] ==> [/usr/lib]
  collapse library dir [/lib/x86_64-linux-gnu] ==> [/lib/x86_64-linux-gnu]
  collapse library dir [/lib/../lib] ==> [/lib]
  collapse library dir [/usr/lib/x86_64-linux-gnu] ==> [/usr/lib/x86_64-linux-gnu]
  collapse library dir [/usr/lib/../lib] ==> [/usr/lib]
  collapse library dir [/usr/lib/gcc/x86_64-linux-gnu/5/../../..] ==> [/usr/lib]
  implicit libs: [stdc++;m;gcc_s;gcc;c;gcc_s;gcc]
  implicit dirs: [/usr/lib/gcc/x86_64-linux-gnu/5;/usr/lib/x86_64-linux-gnu;/usr/lib;/lib/x86_64-linux-gnu;/lib]
  implicit fwks: []




Detecting CXX [-std=c++1z] compiler features compiled with the following output:
Change Dir: /home/mxr/catkin_laikago/src/lcm-1.4.0/build/CMakeFiles/CMakeTmp

Run Build Command:"/usr/bin/make" "cmTC_ebaaa/fast"
/usr/bin/make -f CMakeFiles/cmTC_ebaaa.dir/build.make CMakeFiles/cmTC_ebaaa.dir/build
make[1]: Entering directory '/home/mxr/catkin_laikago/src/lcm-1.4.0/build/CMakeFiles/CMakeTmp'
Building CXX object CMakeFiles/cmTC_ebaaa.dir/feature_tests.cxx.o
/usr/bin/c++    -std=c++1z -o CMakeFiles/cmTC_ebaaa.dir/feature_tests.cxx.o -c /home/mxr/catkin_laikago/src/lcm-1.4.0/build/CMakeFiles/feature_tests.cxx
Linking CXX executable cmTC_ebaaa
/usr/local/bin/cmake -E cmake_link_script CMakeFiles/cmTC_ebaaa.dir/link.txt --verbose=1
/usr/bin/c++       -rdynamic CMakeFiles/cmTC_ebaaa.dir/feature_tests.cxx.o  -o cmTC_ebaaa 
make[1]: Leaving directory '/home/mxr/catkin_laikago/src/lcm-1.4.0/build/CMakeFiles/CMakeTmp'


    Feature record: CXX_FEATURE:1cxx_aggregate_default_initializers
    Feature record: CXX_FEATURE:1cxx_alias_templates
    Feature record: CXX_FEATURE:1cxx_alignas
    Feature record: CXX_FEATURE:1cxx_alignof
    Feature record: CXX_FEATURE:1cxx_attributes
    Feature record: CXX_FEATURE:1cxx_attribute_deprecated
    Feature record: CXX_FEATURE:1cxx_auto_type
    Feature record: CXX_FEATURE:1cxx_binary_literals
    Feature record: CXX_FEATURE:1cxx_constexpr
    Feature record: CXX_FEATURE:1cxx_contextual_conversions
    Feature record: CXX_FEATURE:1cxx_decltype
    Feature record: CXX_FEATURE:1cxx_decltype_auto
    Feature record: CXX_FEATURE:1cxx_decltype_incomplete_return_types
    Feature record: CXX_FEATURE:1cxx_default_function_template_args
    Feature record: CXX_FEATURE:1cxx_defaulted_functions
    Feature record: CXX_FEATURE:1cxx_defaulted_move_initializers
    Feature record: CXX_FEATURE:1cxx_delegating_constructors
    Feature record: CXX_FEATURE:1cxx_deleted_functions
    Feature record: CXX_FEATURE:1cxx_digit_separators
    Feature record: CXX_FEATURE:1cxx_enum_forward_declarations
    Feature record: CXX_FEATURE:1cxx_explicit_conversions
    Feature record: CXX_FEATURE:1cxx_extended_friend_declarations
    Feature record: CXX_FEATURE:1cxx_extern_templates
    Feature record: CXX_FEATURE:1cxx_final
    Feature record: CXX_FEATURE:1cxx_func_identifier
    Feature record: CXX_FEATURE:1cxx_generalized_initializers
    Feature record: CXX_FEATURE:1cxx_generic_lambdas
    Feature record: CXX_FEATURE:1cxx_inheriting_constructors
    Feature record: CXX_FEATURE:1cxx_inline_namespaces
    Feature record: CXX_FEATURE:1cxx_lambdas
    Feature record: CXX_FEATURE:1cxx_lambda_init_captures
    Feature record: CXX_FEATURE:1cxx_local_type_template_args
    Feature record: CXX_FEATURE:1cxx_long_long_type
    Feature record: CXX_FEATURE:1cxx_noexcept
    Feature record: CXX_FEATURE:1cxx_nonstatic_member_init
    Feature record: CXX_FEATURE:1cxx_nullptr
    Feature record: CXX_FEATURE:1cxx_override
    Feature record: CXX_FEATURE:1cxx_range_for
    Feature record: CXX_FEATURE:1cxx_raw_string_literals
    Feature record: CXX_FEATURE:1cxx_reference_qualified_functions
    Feature record: CXX_FEATURE:1cxx_relaxed_constexpr
    Feature record: CXX_FEATURE:1cxx_return_type_deduction
    Feature record: CXX_FEATURE:1cxx_right_angle_brackets
    Feature record: CXX_FEATURE:1cxx_rvalue_references
    Feature record: CXX_FEATURE:1cxx_sizeof_member
    Feature record: CXX_FEATURE:1cxx_static_assert
    Feature record: CXX_FEATURE:1cxx_strong_enums
    Feature record: CXX_FEATURE:1cxx_template_template_parameters
    Feature record: CXX_FEATURE:1cxx_thread_local
    Feature record: CXX_FEATURE:1cxx_trailing_return_types
    Feature record: CXX_FEATURE:1cxx_unicode_literals
    Feature record: CXX_FEATURE:1cxx_uniform_initialization
    Feature record: CXX_FEATURE:1cxx_unrestricted_unions
    Feature record: CXX_FEATURE:1cxx_user_literals
    Feature record: CXX_FEATURE:1cxx_variable_templates
    Feature record: CXX_FEATURE:1cxx_variadic_macros
    Feature record: CXX_FEATURE:1cxx_variadic_templates


Detecting CXX [-std=c++14] compiler features compiled with the following output:
Change Dir: /home/mxr/catkin_laikago/src/lcm-1.4.0/build/CMakeFiles/CMakeTmp

Run Build Command:"/usr/bin/make" "cmTC_219f6/fast"
/usr/bin/make -f CMakeFiles/cmTC_219f6.dir/build.make CMakeFiles/cmTC_219f6.dir/build
make[1]: Entering directory '/home/mxr/catkin_laikago/src/lcm-1.4.0/build/CMakeFiles/CMakeTmp'
Building CXX object CMakeFiles/cmTC_219f6.dir/feature_tests.cxx.o
/usr/bin/c++    -std=c++14 -o CMakeFiles/cmTC_219f6.dir/feature_tests.cxx.o -c /home/mxr/catkin_laikago/src/lcm-1.4.0/build/CMakeFiles/feature_tests.cxx
Linking CXX executable cmTC_219f6
/usr/local/bin/cmake -E cmake_link_script CMakeFiles/cmTC_219f6.dir/link.txt --verbose=1
/usr/bin/c++       -rdynamic CMakeFiles/cmTC_219f6.dir/feature_tests.cxx.o  -o cmTC_219f6 
make[1]: Leaving directory '/home/mxr/catkin_laikago/src/lcm-1.4.0/build/CMakeFiles/CMakeTmp'


    Feature record: CXX_FEATURE:1cxx_aggregate_default_initializers
    Feature record: CXX_FEATURE:1cxx_alias_templates
    Feature record: CXX_FEATURE:1cxx_alignas
    Feature record: CXX_FEATURE:1cxx_alignof
    Feature record: CXX_FEATURE:1cxx_attributes
    Feature record: CXX_FEATURE:1cxx_attribute_deprecated
    Feature record: CXX_FEATURE:1cxx_auto_type
    Feature record: CXX_FEATURE:1cxx_binary_literals
    Feature record: CXX_FEATURE:1cxx_constexpr
    Feature record: CXX_FEATURE:1cxx_contextual_conversions
    Feature record: CXX_FEATURE:1cxx_decltype
    Feature record: CXX_FEATURE:1cxx_decltype_auto
    Feature record: CXX_FEATURE:1cxx_decltype_incomplete_return_types
    Feature record: CXX_FEATURE:1cxx_default_function_template_args
    Feature record: CXX_FEATURE:1cxx_defaulted_functions
    Feature record: CXX_FEATURE:1cxx_defaulted_move_initializers
    Feature record: CXX_FEATURE:1cxx_delegating_constructors
    Feature record: CXX_FEATURE:1cxx_deleted_functions
    Feature record: CXX_FEATURE:1cxx_digit_separators
    Feature record: CXX_FEATURE:1cxx_enum_forward_declarations
    Feature record: CXX_FEATURE:1cxx_explicit_conversions
    Feature record: CXX_FEATURE:1cxx_extended_friend_declarations
    Feature record: CXX_FEATURE:1cxx_extern_templates
    Feature record: CXX_FEATURE:1cxx_final
    Feature record: CXX_FEATURE:1cxx_func_identifier
    Feature record: CXX_FEATURE:1cxx_generalized_initializers
    Feature record: CXX_FEATURE:1cxx_generic_lambdas
    Feature record: CXX_FEATURE:1cxx_inheriting_constructors
    Feature record: CXX_FEATURE:1cxx_inline_namespaces
    Feature record: CXX_FEATURE:1cxx_lambdas
    Feature record: CXX_FEATURE:1cxx_lambda_init_captures
    Feature record: CXX_FEATURE:1cxx_local_type_template_args
    Feature record: CXX_FEATURE:1cxx_long_long_type
    Feature record: CXX_FEATURE:1cxx_noexcept
    Feature record: CXX_FEATURE:1cxx_nonstatic_member_init
    Feature record: CXX_FEATURE:1cxx_nullptr
    Feature record: CXX_FEATURE:1cxx_override
    Feature record: CXX_FEATURE:1cxx_range_for
    Feature record: CXX_FEATURE:1cxx_raw_string_literals
    Feature record: CXX_FEATURE:1cxx_reference_qualified_functions
    Feature record: CXX_FEATURE:1cxx_relaxed_constexpr
    Feature record: CXX_FEATURE:1cxx_return_type_deduction
    Feature record: CXX_FEATURE:1cxx_right_angle_brackets
    Feature record: CXX_FEATURE:1cxx_rvalue_references
    Feature record: CXX_FEATURE:1cxx_sizeof_member
    Feature record: CXX_FEATURE:1cxx_static_assert
    Feature record: CXX_FEATURE:1cxx_strong_enums
    Feature record: CXX_FEATURE:1cxx_template_template_parameters
    Feature record: CXX_FEATURE:1cxx_thread_local
    Feature record: CXX_FEATURE:1cxx_trailing_return_types
    Feature record: CXX_FEATURE:1cxx_unicode_literals
    Feature record: CXX_FEATURE:1cxx_uniform_initialization
    Feature record: CXX_FEATURE:1cxx_unrestricted_unions
    Feature record: CXX_FEATURE:1cxx_user_literals
    Feature record: CXX_FEATURE:1cxx_variable_templates
    Feature record: CXX_FEATURE:1cxx_variadic_macros
    Feature record: CXX_FEATURE:1cxx_variadic_templates


Detecting CXX [-std=c++11] compiler features compiled with the following output:
Change Dir: /home/mxr/catkin_laikago/src/lcm-1.4.0/build/CMakeFiles/CMakeTmp

Run Build Command:"/usr/bin/make" "cmTC_0767a/fast"
/usr/bin/make -f CMakeFiles/cmTC_0767a.dir/build.make CMakeFiles/cmTC_0767a.dir/build
make[1]: Entering directory '/home/mxr/catkin_laikago/src/lcm-1.4.0/build/CMakeFiles/CMakeTmp'
Building CXX object CMakeFiles/cmTC_0767a.dir/feature_tests.cxx.o
/usr/bin/c++    -std=c++11 -o CMakeFiles/cmTC_0767a.dir/feature_tests.cxx.o -c /home/mxr/catkin_laikago/src/lcm-1.4.0/build/CMakeFiles/feature_tests.cxx
Linking CXX executable cmTC_0767a
/usr/local/bin/cmake -E cmake_link_script CMakeFiles/cmTC_0767a.dir/link.txt --verbose=1
/usr/bin/c++       -rdynamic CMakeFiles/cmTC_0767a.dir/feature_tests.cxx.o  -o cmTC_0767a 
make[1]: Leaving directory '/home/mxr/catkin_laikago/src/lcm-1.4.0/build/CMakeFiles/CMakeTmp'


    Feature record: CXX_FEATURE:0cxx_aggregate_default_initializers
    Feature record: CXX_FEATURE:1cxx_alias_templates
    Feature record: CXX_FEATURE:1cxx_alignas
    Feature record: CXX_FEATURE:1cxx_alignof
    Feature record: CXX_FEATURE:1cxx_attributes
    Feature record: CXX_FEATURE:0cxx_attribute_deprecated
    Feature record: CXX_FEATURE:1cxx_auto_type
    Feature record: CXX_FEATURE:0cxx_binary_literals
    Feature record: CXX_FEATURE:1cxx_constexpr
    Feature record: CXX_FEATURE:0cxx_contextual_conversions
    Feature record: CXX_FEATURE:1cxx_decltype
    Feature record: CXX_FEATURE:0cxx_decltype_auto
    Feature record: CXX_FEATURE:1cxx_decltype_incomplete_return_types
    Feature record: CXX_FEATURE:1cxx_default_function_template_args
    Feature record: CXX_FEATURE:1cxx_defaulted_functions
    Feature record: CXX_FEATURE:1cxx_defaulted_move_initializers
    Feature record: CXX_FEATURE:1cxx_delegating_constructors
    Feature record: CXX_FEATURE:1cxx_deleted_functions
    Feature record: CXX_FEATURE:0cxx_digit_separators
    Feature record: CXX_FEATURE:1cxx_enum_forward_declarations
    Feature record: CXX_FEATURE:1cxx_explicit_conversions
    Feature record: CXX_FEATURE:1cxx_extended_friend_declarations
    Feature record: CXX_FEATURE:1cxx_extern_templates
    Feature record: CXX_FEATURE:1cxx_final
    Feature record: CXX_FEATURE:1cxx_func_identifier
    Feature record: CXX_FEATURE:1cxx_generalized_initializers
    Feature record: CXX_FEATURE:0cxx_generic_lambdas
    Feature record: CXX_FEATURE:1cxx_inheriting_constructors
    Feature record: CXX_FEATURE:1cxx_inline_namespaces
    Feature record: CXX_FEATURE:1cxx_lambdas
    Feature record: CXX_FEATURE:0cxx_lambda_init_captures
    Feature record: CXX_FEATURE:1cxx_local_type_template_args
    Feature record: CXX_FEATURE:1cxx_long_long_type
    Feature record: CXX_FEATURE:1cxx_noexcept
    Feature record: CXX_FEATURE:1cxx_nonstatic_member_init
    Feature record: CXX_FEATURE:1cxx_nullptr
    Feature record: CXX_FEATURE:1cxx_override
    Feature record: CXX_FEATURE:1cxx_range_for
    Feature record: CXX_FEATURE:1cxx_raw_string_literals
    Feature record: CXX_FEATURE:1cxx_reference_qualified_functions
    Feature record: CXX_FEATURE:0cxx_relaxed_constexpr
    Feature record: CXX_FEATURE:0cxx_return_type_deduction
    Feature record: CXX_FEATURE:1cxx_right_angle_brackets
    Feature record: CXX_FEATURE:1cxx_rvalue_references
    Feature record: CXX_FEATURE:1cxx_sizeof_member
    Feature record: CXX_FEATURE:1cxx_static_assert
    Feature record: CXX_FEATURE:1cxx_strong_enums
    Feature record: CXX_FEATURE:1cxx_template_template_parameters
    Feature record: CXX_FEATURE:1cxx_thread_local
    Feature record: CXX_FEATURE:1cxx_trailing_return_types
    Feature record: CXX_FEATURE:1cxx_unicode_literals
    Feature record: CXX_FEATURE:1cxx_uniform_initialization
    Feature record: CXX_FEATURE:1cxx_unrestricted_unions
    Feature record: CXX_FEATURE:1cxx_user_literals
    Feature record: CXX_FEATURE:0cxx_variable_templates
    Feature record: CXX_FEATURE:1cxx_variadic_macros
    Feature record: CXX_FEATURE:1cxx_variadic_templates


Detecting CXX [-std=c++98] compiler features compiled with the following output:
Change Dir: /home/mxr/catkin_laikago/src/lcm-1.4.0/build/CMakeFiles/CMakeTmp

Run Build Command:"/usr/bin/make" "cmTC_a87dc/fast"
/usr/bin/make -f CMakeFiles/cmTC_a87dc.dir/build.make CMakeFiles/cmTC_a87dc.dir/build
make[1]: Entering directory '/home/mxr/catkin_laikago/src/lcm-1.4.0/build/CMakeFiles/CMakeTmp'
Building CXX object CMakeFiles/cmTC_a87dc.dir/feature_tests.cxx.o
/usr/bin/c++    -std=c++98 -o CMakeFiles/cmTC_a87dc.dir/feature_tests.cxx.o -c /home/mxr/catkin_laikago/src/lcm-1.4.0/build/CMakeFiles/feature_tests.cxx
Linking CXX executable cmTC_a87dc
/usr/local/bin/cmake -E cmake_link_script CMakeFiles/cmTC_a87dc.dir/link.txt --verbose=1
/usr/bin/c++       -rdynamic CMakeFiles/cmTC_a87dc.dir/feature_tests.cxx.o  -o cmTC_a87dc 
make[1]: Leaving directory '/home/mxr/catkin_laikago/src/lcm-1.4.0/build/CMakeFiles/CMakeTmp'


    Feature record: CXX_FEATURE:0cxx_aggregate_default_initializers
    Feature record: CXX_FEATURE:0cxx_alias_templates
    Feature record: CXX_FEATURE:0cxx_alignas
    Feature record: CXX_FEATURE:0cxx_alignof
    Feature record: CXX_FEATURE:0cxx_attributes
    Feature record: CXX_FEATURE:0cxx_attribute_deprecated
    Feature record: CXX_FEATURE:0cxx_auto_type
    Feature record: CXX_FEATURE:0cxx_binary_literals
    Feature record: CXX_FEATURE:0cxx_constexpr
    Feature record: CXX_FEATURE:0cxx_contextual_conversions
    Feature record: CXX_FEATURE:0cxx_decltype
    Feature record: CXX_FEATURE:0cxx_decltype_auto
    Feature record: CXX_FEATURE:0cxx_decltype_incomplete_return_types
    Feature record: CXX_FEATURE:0cxx_default_function_template_args
    Feature record: CXX_FEATURE:0cxx_defaulted_functions
    Feature record: CXX_FEATURE:0cxx_defaulted_move_initializers
    Feature record: CXX_FEATURE:0cxx_delegating_constructors
    Feature record: CXX_FEATURE:0cxx_deleted_functions
    Feature record: CXX_FEATURE:0cxx_digit_separators
    Feature record: CXX_FEATURE:0cxx_enum_forward_declarations
    Feature record: CXX_FEATURE:0cxx_explicit_conversions
    Feature record: CXX_FEATURE:0cxx_extended_friend_declarations
    Feature record: CXX_FEATURE:0cxx_extern_templates
    Feature record: CXX_FEATURE:0cxx_final
    Feature record: CXX_FEATURE:0cxx_func_identifier
    Feature record: CXX_FEATURE:0cxx_generalized_initializers
    Feature record: CXX_FEATURE:0cxx_generic_lambdas
    Feature record: CXX_FEATURE:0cxx_inheriting_constructors
    Feature record: CXX_FEATURE:0cxx_inline_namespaces
    Feature record: CXX_FEATURE:0cxx_lambdas
    Feature record: CXX_FEATURE:0cxx_lambda_init_captures
    Feature record: CXX_FEATURE:0cxx_local_type_template_args
    Feature record: CXX_FEATURE:0cxx_long_long_type
    Feature record: CXX_FEATURE:0cxx_noexcept
    Feature record: CXX_FEATURE:0cxx_nonstatic_member_init
    Feature record: CXX_FEATURE:0cxx_nullptr
    Feature record: CXX_FEATURE:0cxx_override
    Feature record: CXX_FEATURE:0cxx_range_for
    Feature record: CXX_FEATURE:0cxx_raw_string_literals
    Feature record: CXX_FEATURE:0cxx_reference_qualified_functions
    Feature record: CXX_FEATURE:0cxx_relaxed_constexpr
    Feature record: CXX_FEATURE:0cxx_return_type_deduction
    Feature record: CXX_FEATURE:0cxx_right_angle_brackets
    Feature record: CXX_FEATURE:0cxx_rvalue_references
    Feature record: CXX_FEATURE:0cxx_sizeof_member
    Feature record: CXX_FEATURE:0cxx_static_assert
    Feature record: CXX_FEATURE:0cxx_strong_enums
    Feature record: CXX_FEATURE:1cxx_template_template_parameters
    Feature record: CXX_FEATURE:0cxx_thread_local
    Feature record: CXX_FEATURE:0cxx_trailing_return_types
    Feature record: CXX_FEATURE:0cxx_unicode_literals
    Feature record: CXX_FEATURE:0cxx_uniform_initialization
    Feature record: CXX_FEATURE:0cxx_unrestricted_unions
    Feature record: CXX_FEATURE:0cxx_user_literals
    Feature record: CXX_FEATURE:0cxx_variable_templates
    Feature record: CXX_FEATURE:0cxx_variadic_macros
    Feature record: CXX_FEATURE:0cxx_variadic_templates
Performing C SOURCE FILE Test CMAKE_C_COMPILER_SUPPORTS__std_gnu99 succeeded with the following output:
Change Dir: /home/mxr/catkin_laikago/src/lcm-1.4.0/build/CMakeFiles/CMakeTmp

Run Build Command:"/usr/bin/make" "cmTC_af10e/fast"
/usr/bin/make -f CMakeFiles/cmTC_af10e.dir/build.make CMakeFiles/cmTC_af10e.dir/build
make[1]: Entering directory '/home/mxr/catkin_laikago/src/lcm-1.4.0/build/CMakeFiles/CMakeTmp'
Building C object CMakeFiles/cmTC_af10e.dir/src.c.o
/usr/bin/cc   -DCMAKE_C_COMPILER_SUPPORTS__std_gnu99   -std=gnu99 -o CMakeFiles/cmTC_af10e.dir/src.c.o   -c /home/mxr/catkin_laikago/src/lcm-1.4.0/build/CMakeFiles/CMakeTmp/src.c
Linking C executable cmTC_af10e
/usr/local/bin/cmake -E cmake_link_script CMakeFiles/cmTC_af10e.dir/link.txt --verbose=1
/usr/bin/cc  -DCMAKE_C_COMPILER_SUPPORTS__std_gnu99    -rdynamic CMakeFiles/cmTC_af10e.dir/src.c.o  -o cmTC_af10e 
make[1]: Leaving directory '/home/mxr/catkin_laikago/src/lcm-1.4.0/build/CMakeFiles/CMakeTmp'

Source file was:
int main(void) { return 0; }
Performing C SOURCE FILE Test CMAKE_C_COMPILER_SUPPORTS__Wall succeeded with the following output:
Change Dir: /home/mxr/catkin_laikago/src/lcm-1.4.0/build/CMakeFiles/CMakeTmp

Run Build Command:"/usr/bin/make" "cmTC_4d9b2/fast"
/usr/bin/make -f CMakeFiles/cmTC_4d9b2.dir/build.make CMakeFiles/cmTC_4d9b2.dir/build
make[1]: Entering directory '/home/mxr/catkin_laikago/src/lcm-1.4.0/build/CMakeFiles/CMakeTmp'
Building C object CMakeFiles/cmTC_4d9b2.dir/src.c.o
/usr/bin/cc   -std=gnu99 -DCMAKE_C_COMPILER_SUPPORTS__Wall   -Wall -o CMakeFiles/cmTC_4d9b2.dir/src.c.o   -c /home/mxr/catkin_laikago/src/lcm-1.4.0/build/CMakeFiles/CMakeTmp/src.c
Linking C executable cmTC_4d9b2
/usr/local/bin/cmake -E cmake_link_script CMakeFiles/cmTC_4d9b2.dir/link.txt --verbose=1
/usr/bin/cc  -std=gnu99 -DCMAKE_C_COMPILER_SUPPORTS__Wall    -rdynamic CMakeFiles/cmTC_4d9b2.dir/src.c.o  -o cmTC_4d9b2 
make[1]: Leaving directory '/home/mxr/catkin_laikago/src/lcm-1.4.0/build/CMakeFiles/CMakeTmp'

Source file was:
int main(void) { return 0; }
Performing C SOURCE FILE Test CMAKE_C_COMPILER_SUPPORTS__Wshadow succeeded with the following output:
Change Dir: /home/mxr/catkin_laikago/src/lcm-1.4.0/build/CMakeFiles/CMakeTmp

Run Build Command:"/usr/bin/make" "cmTC_9bedb/fast"
/usr/bin/make -f CMakeFiles/cmTC_9bedb.dir/build.make CMakeFiles/cmTC_9bedb.dir/build
make[1]: Entering directory '/home/mxr/catkin_laikago/src/lcm-1.4.0/build/CMakeFiles/CMakeTmp'
Building C object CMakeFiles/cmTC_9bedb.dir/src.c.o
/usr/bin/cc   -std=gnu99 -DCMAKE_C_COMPILER_SUPPORTS__Wshadow   -Wshadow -o CMakeFiles/cmTC_9bedb.dir/src.c.o   -c /home/mxr/catkin_laikago/src/lcm-1.4.0/build/CMakeFiles/CMakeTmp/src.c
Linking C executable cmTC_9bedb
/usr/local/bin/cmake -E cmake_link_script CMakeFiles/cmTC_9bedb.dir/link.txt --verbose=1
/usr/bin/cc  -std=gnu99 -DCMAKE_C_COMPILER_SUPPORTS__Wshadow    -rdynamic CMakeFiles/cmTC_9bedb.dir/src.c.o  -o cmTC_9bedb 
make[1]: Leaving directory '/home/mxr/catkin_laikago/src/lcm-1.4.0/build/CMakeFiles/CMakeTmp'

Source file was:
int main(void) { return 0; }
Performing C SOURCE FILE Test CMAKE_C_COMPILER_SUPPORTS__Wuninitialized succeeded with the following output:
Change Dir: /home/mxr/catkin_laikago/src/lcm-1.4.0/build/CMakeFiles/CMakeTmp

Run Build Command:"/usr/bin/make" "cmTC_3ba48/fast"
/usr/bin/make -f CMakeFiles/cmTC_3ba48.dir/build.make CMakeFiles/cmTC_3ba48.dir/build
make[1]: Entering directory '/home/mxr/catkin_laikago/src/lcm-1.4.0/build/CMakeFiles/CMakeTmp'
Building C object CMakeFiles/cmTC_3ba48.dir/src.c.o
/usr/bin/cc   -std=gnu99 -DCMAKE_C_COMPILER_SUPPORTS__Wuninitialized   -Wuninitialized -o CMakeFiles/cmTC_3ba48.dir/src.c.o   -c /home/mxr/catkin_laikago/src/lcm-1.4.0/build/CMakeFiles/CMakeTmp/src.c
Linking C executable cmTC_3ba48
/usr/local/bin/cmake -E cmake_link_script CMakeFiles/cmTC_3ba48.dir/link.txt --verbose=1
/usr/bin/cc  -std=gnu99 -DCMAKE_C_COMPILER_SUPPORTS__Wuninitialized    -rdynamic CMakeFiles/cmTC_3ba48.dir/src.c.o  -o cmTC_3ba48 
make[1]: Leaving directory '/home/mxr/catkin_laikago/src/lcm-1.4.0/build/CMakeFiles/CMakeTmp'

Source file was:
int main(void) { return 0; }
Performing C SOURCE FILE Test CMAKE_C_COMPILER_SUPPORTS__Wunused_variable succeeded with the following output:
Change Dir: /home/mxr/catkin_laikago/src/lcm-1.4.0/build/CMakeFiles/CMakeTmp

Run Build Command:"/usr/bin/make" "cmTC_2603f/fast"
/usr/bin/make -f CMakeFiles/cmTC_2603f.dir/build.make CMakeFiles/cmTC_2603f.dir/build
make[1]: Entering directory '/home/mxr/catkin_laikago/src/lcm-1.4.0/build/CMakeFiles/CMakeTmp'
Building C object CMakeFiles/cmTC_2603f.dir/src.c.o
/usr/bin/cc   -std=gnu99 -DCMAKE_C_COMPILER_SUPPORTS__Wunused_variable   -Wunused-variable -o CMakeFiles/cmTC_2603f.dir/src.c.o   -c /home/mxr/catkin_laikago/src/lcm-1.4.0/build/CMakeFiles/CMakeTmp/src.c
Linking C executable cmTC_2603f
/usr/local/bin/cmake -E cmake_link_script CMakeFiles/cmTC_2603f.dir/link.txt --verbose=1
/usr/bin/cc  -std=gnu99 -DCMAKE_C_COMPILER_SUPPORTS__Wunused_variable    -rdynamic CMakeFiles/cmTC_2603f.dir/src.c.o  -o cmTC_2603f 
make[1]: Leaving directory '/home/mxr/catkin_laikago/src/lcm-1.4.0/build/CMakeFiles/CMakeTmp'

Source file was:
int main(void) { return 0; }
Performing C SOURCE FILE Test CMAKE_C_COMPILER_SUPPORTS__Werror_return_type succeeded with the following output:
Change Dir: /home/mxr/catkin_laikago/src/lcm-1.4.0/build/CMakeFiles/CMakeTmp

Run Build Command:"/usr/bin/make" "cmTC_cb731/fast"
/usr/bin/make -f CMakeFiles/cmTC_cb731.dir/build.make CMakeFiles/cmTC_cb731.dir/build
make[1]: Entering directory '/home/mxr/catkin_laikago/src/lcm-1.4.0/build/CMakeFiles/CMakeTmp'
Building C object CMakeFiles/cmTC_cb731.dir/src.c.o
/usr/bin/cc   -std=gnu99 -DCMAKE_C_COMPILER_SUPPORTS__Werror_return_type   -Werror=return-type -o CMakeFiles/cmTC_cb731.dir/src.c.o   -c /home/mxr/catkin_laikago/src/lcm-1.4.0/build/CMakeFiles/CMakeTmp/src.c
Linking C executable cmTC_cb731
/usr/local/bin/cmake -E cmake_link_script CMakeFiles/cmTC_cb731.dir/link.txt --verbose=1
/usr/bin/cc  -std=gnu99 -DCMAKE_C_COMPILER_SUPPORTS__Werror_return_type    -rdynamic CMakeFiles/cmTC_cb731.dir/src.c.o  -o cmTC_cb731 
make[1]: Leaving directory '/home/mxr/catkin_laikago/src/lcm-1.4.0/build/CMakeFiles/CMakeTmp'

Source file was:
int main(void) { return 0; }
Performing C SOURCE FILE Test CMAKE_C_COMPILER_SUPPORTS__Wno_unused_parameter succeeded with the following output:
Change Dir: /home/mxr/catkin_laikago/src/lcm-1.4.0/build/CMakeFiles/CMakeTmp

Run Build Command:"/usr/bin/make" "cmTC_63069/fast"
/usr/bin/make -f CMakeFiles/cmTC_63069.dir/build.make CMakeFiles/cmTC_63069.dir/build
make[1]: Entering directory '/home/mxr/catkin_laikago/src/lcm-1.4.0/build/CMakeFiles/CMakeTmp'
Building C object CMakeFiles/cmTC_63069.dir/src.c.o
/usr/bin/cc   -std=gnu99 -DCMAKE_C_COMPILER_SUPPORTS__Wno_unused_parameter   -Wno-unused-parameter -o CMakeFiles/cmTC_63069.dir/src.c.o   -c /home/mxr/catkin_laikago/src/lcm-1.4.0/build/CMakeFiles/CMakeTmp/src.c
Linking C executable cmTC_63069
/usr/local/bin/cmake -E cmake_link_script CMakeFiles/cmTC_63069.dir/link.txt --verbose=1
/usr/bin/cc  -std=gnu99 -DCMAKE_C_COMPILER_SUPPORTS__Wno_unused_parameter    -rdynamic CMakeFiles/cmTC_63069.dir/src.c.o  -o cmTC_63069 
make[1]: Leaving directory '/home/mxr/catkin_laikago/src/lcm-1.4.0/build/CMakeFiles/CMakeTmp'

Source file was:
int main(void) { return 0; }
Performing C SOURCE FILE Test CMAKE_C_COMPILER_SUPPORTS__Wno_format_zero_length succeeded with the following output:
Change Dir: /home/mxr/catkin_laikago/src/lcm-1.4.0/build/CMakeFiles/CMakeTmp

Run Build Command:"/usr/bin/make" "cmTC_a7587/fast"
/usr/bin/make -f CMakeFiles/cmTC_a7587.dir/build.make CMakeFiles/cmTC_a7587.dir/build
make[1]: Entering directory '/home/mxr/catkin_laikago/src/lcm-1.4.0/build/CMakeFiles/CMakeTmp'
Building C object CMakeFiles/cmTC_a7587.dir/src.c.o
/usr/bin/cc   -std=gnu99 -DCMAKE_C_COMPILER_SUPPORTS__Wno_format_zero_length   -Wno-format-zero-length -o CMakeFiles/cmTC_a7587.dir/src.c.o   -c /home/mxr/catkin_laikago/src/lcm-1.4.0/build/CMakeFiles/CMakeTmp/src.c
Linking C executable cmTC_a7587
/usr/local/bin/cmake -E cmake_link_script CMakeFiles/cmTC_a7587.dir/link.txt --verbose=1
/usr/bin/cc  -std=gnu99 -DCMAKE_C_COMPILER_SUPPORTS__Wno_format_zero_length    -rdynamic CMakeFiles/cmTC_a7587.dir/src.c.o  -o cmTC_a7587 
make[1]: Leaving directory '/home/mxr/catkin_laikago/src/lcm-1.4.0/build/CMakeFiles/CMakeTmp'

Source file was:
int main(void) { return 0; }
Performing C++ SOURCE FILE Test CMAKE_CXX_COMPILER_SUPPORTS__Wall succeeded with the following output:
Change Dir: /home/mxr/catkin_laikago/src/lcm-1.4.0/build/CMakeFiles/CMakeTmp

Run Build Command:"/usr/bin/make" "cmTC_ad556/fast"
/usr/bin/make -f CMakeFiles/cmTC_ad556.dir/build.make CMakeFiles/cmTC_ad556.dir/build
make[1]: Entering directory '/home/mxr/catkin_laikago/src/lcm-1.4.0/build/CMakeFiles/CMakeTmp'
Building CXX object CMakeFiles/cmTC_ad556.dir/src.cxx.o
/usr/bin/c++    -DCMAKE_CXX_COMPILER_SUPPORTS__Wall   -Wall -o CMakeFiles/cmTC_ad556.dir/src.cxx.o -c /home/mxr/catkin_laikago/src/lcm-1.4.0/build/CMakeFiles/CMakeTmp/src.cxx
Linking CXX executable cmTC_ad556
/usr/local/bin/cmake -E cmake_link_script CMakeFiles/cmTC_ad556.dir/link.txt --verbose=1
/usr/bin/c++   -DCMAKE_CXX_COMPILER_SUPPORTS__Wall    -rdynamic CMakeFiles/cmTC_ad556.dir/src.cxx.o  -o cmTC_ad556 
make[1]: Leaving directory '/home/mxr/catkin_laikago/src/lcm-1.4.0/build/CMakeFiles/CMakeTmp'

Source file was:
int main() { return 0; }
Performing C++ SOURCE FILE Test CMAKE_CXX_COMPILER_SUPPORTS__Wshadow succeeded with the following output:
Change Dir: /home/mxr/catkin_laikago/src/lcm-1.4.0/build/CMakeFiles/CMakeTmp

Run Build Command:"/usr/bin/make" "cmTC_5909f/fast"
/usr/bin/make -f CMakeFiles/cmTC_5909f.dir/build.make CMakeFiles/cmTC_5909f.dir/build
make[1]: Entering directory '/home/mxr/catkin_laikago/src/lcm-1.4.0/build/CMakeFiles/CMakeTmp'
Building CXX object CMakeFiles/cmTC_5909f.dir/src.cxx.o
/usr/bin/c++    -DCMAKE_CXX_COMPILER_SUPPORTS__Wshadow   -Wshadow -o CMakeFiles/cmTC_5909f.dir/src.cxx.o -c /home/mxr/catkin_laikago/src/lcm-1.4.0/build/CMakeFiles/CMakeTmp/src.cxx
Linking CXX executable cmTC_5909f
/usr/local/bin/cmake -E cmake_link_script CMakeFiles/cmTC_5909f.dir/link.txt --verbose=1
/usr/bin/c++   -DCMAKE_CXX_COMPILER_SUPPORTS__Wshadow    -rdynamic CMakeFiles/cmTC_5909f.dir/src.cxx.o  -o cmTC_5909f 
make[1]: Leaving directory '/home/mxr/catkin_laikago/src/lcm-1.4.0/build/CMakeFiles/CMakeTmp'

Source file was:
int main() { return 0; }
Performing C++ SOURCE FILE Test CMAKE_CXX_COMPILER_SUPPORTS__Wuninitialized succeeded with the following output:
Change Dir: /home/mxr/catkin_laikago/src/lcm-1.4.0/build/CMakeFiles/CMakeTmp

Run Build Command:"/usr/bin/make" "cmTC_210e4/fast"
/usr/bin/make -f CMakeFiles/cmTC_210e4.dir/build.make CMakeFiles/cmTC_210e4.dir/build
make[1]: Entering directory '/home/mxr/catkin_laikago/src/lcm-1.4.0/build/CMakeFiles/CMakeTmp'
Building CXX object CMakeFiles/cmTC_210e4.dir/src.cxx.o
/usr/bin/c++    -DCMAKE_CXX_COMPILER_SUPPORTS__Wuninitialized   -Wuninitialized -o CMakeFiles/cmTC_210e4.dir/src.cxx.o -c /home/mxr/catkin_laikago/src/lcm-1.4.0/build/CMakeFiles/CMakeTmp/src.cxx
Linking CXX executable cmTC_210e4
/usr/local/bin/cmake -E cmake_link_script CMakeFiles/cmTC_210e4.dir/link.txt --verbose=1
/usr/bin/c++   -DCMAKE_CXX_COMPILER_SUPPORTS__Wuninitialized    -rdynamic CMakeFiles/cmTC_210e4.dir/src.cxx.o  -o cmTC_210e4 
make[1]: Leaving directory '/home/mxr/catkin_laikago/src/lcm-1.4.0/build/CMakeFiles/CMakeTmp'

Source file was:
int main() { return 0; }
Performing C++ SOURCE FILE Test CMAKE_CXX_COMPILER_SUPPORTS__Wunused_variable succeeded with the following output:
Change Dir: /home/mxr/catkin_laikago/src/lcm-1.4.0/build/CMakeFiles/CMakeTmp

Run Build Command:"/usr/bin/make" "cmTC_2014a/fast"
/usr/bin/make -f CMakeFiles/cmTC_2014a.dir/build.make CMakeFiles/cmTC_2014a.dir/build
make[1]: Entering directory '/home/mxr/catkin_laikago/src/lcm-1.4.0/build/CMakeFiles/CMakeTmp'
Building CXX object CMakeFiles/cmTC_2014a.dir/src.cxx.o
/usr/bin/c++    -DCMAKE_CXX_COMPILER_SUPPORTS__Wunused_variable   -Wunused-variable -o CMakeFiles/cmTC_2014a.dir/src.cxx.o -c /home/mxr/catkin_laikago/src/lcm-1.4.0/build/CMakeFiles/CMakeTmp/src.cxx
Linking CXX executable cmTC_2014a
/usr/local/bin/cmake -E cmake_link_script CMakeFiles/cmTC_2014a.dir/link.txt --verbose=1
/usr/bin/c++   -DCMAKE_CXX_COMPILER_SUPPORTS__Wunused_variable    -rdynamic CMakeFiles/cmTC_2014a.dir/src.cxx.o  -o cmTC_2014a 
make[1]: Leaving directory '/home/mxr/catkin_laikago/src/lcm-1.4.0/build/CMakeFiles/CMakeTmp'

Source file was:
int main() { return 0; }
Performing C++ SOURCE FILE Test CMAKE_CXX_COMPILER_SUPPORTS__Werror_return_type succeeded with the following output:
Change Dir: /home/mxr/catkin_laikago/src/lcm-1.4.0/build/CMakeFiles/CMakeTmp

Run Build Command:"/usr/bin/make" "cmTC_a5ea4/fast"
/usr/bin/make -f CMakeFiles/cmTC_a5ea4.dir/build.make CMakeFiles/cmTC_a5ea4.dir/build
make[1]: Entering directory '/home/mxr/catkin_laikago/src/lcm-1.4.0/build/CMakeFiles/CMakeTmp'
Building CXX object CMakeFiles/cmTC_a5ea4.dir/src.cxx.o
/usr/bin/c++    -DCMAKE_CXX_COMPILER_SUPPORTS__Werror_return_type   -Werror=return-type -o CMakeFiles/cmTC_a5ea4.dir/src.cxx.o -c /home/mxr/catkin_laikago/src/lcm-1.4.0/build/CMakeFiles/CMakeTmp/src.cxx
Linking CXX executable cmTC_a5ea4
/usr/local/bin/cmake -E cmake_link_script CMakeFiles/cmTC_a5ea4.dir/link.txt --verbose=1
/usr/bin/c++   -DCMAKE_CXX_COMPILER_SUPPORTS__Werror_return_type    -rdynamic CMakeFiles/cmTC_a5ea4.dir/src.cxx.o  -o cmTC_a5ea4 
make[1]: Leaving directory '/home/mxr/catkin_laikago/src/lcm-1.4.0/build/CMakeFiles/CMakeTmp'

Source file was:
int main() { return 0; }
Performing C++ SOURCE FILE Test CMAKE_CXX_COMPILER_SUPPORTS__Wno_unused_parameter succeeded with the following output:
Change Dir: /home/mxr/catkin_laikago/src/lcm-1.4.0/build/CMakeFiles/CMakeTmp

Run Build Command:"/usr/bin/make" "cmTC_594ff/fast"
/usr/bin/make -f CMakeFiles/cmTC_594ff.dir/build.make CMakeFiles/cmTC_594ff.dir/build
make[1]: Entering directory '/home/mxr/catkin_laikago/src/lcm-1.4.0/build/CMakeFiles/CMakeTmp'
Building CXX object CMakeFiles/cmTC_594ff.dir/src.cxx.o
/usr/bin/c++    -DCMAKE_CXX_COMPILER_SUPPORTS__Wno_unused_parameter   -Wno-unused-parameter -o CMakeFiles/cmTC_594ff.dir/src.cxx.o -c /home/mxr/catkin_laikago/src/lcm-1.4.0/build/CMakeFiles/CMakeTmp/src.cxx
Linking CXX executable cmTC_594ff
/usr/local/bin/cmake -E cmake_link_script CMakeFiles/cmTC_594ff.dir/link.txt --verbose=1
/usr/bin/c++   -DCMAKE_CXX_COMPILER_SUPPORTS__Wno_unused_parameter    -rdynamic CMakeFiles/cmTC_594ff.dir/src.cxx.o  -o cmTC_594ff 
make[1]: Leaving directory '/home/mxr/catkin_laikago/src/lcm-1.4.0/build/CMakeFiles/CMakeTmp'

Source file was:
int main() { return 0; }
Performing C++ SOURCE FILE Test CMAKE_CXX_COMPILER_SUPPORTS__Wno_format_zero_length succeeded with the following output:
Change Dir: /home/mxr/catkin_laikago/src/lcm-1.4.0/build/CMakeFiles/CMakeTmp

Run Build Command:"/usr/bin/make" "cmTC_df863/fast"
/usr/bin/make -f CMakeFiles/cmTC_df863.dir/build.make CMakeFiles/cmTC_df863.dir/build
make[1]: Entering directory '/home/mxr/catkin_laikago/src/lcm-1.4.0/build/CMakeFiles/CMakeTmp'
Building CXX object CMakeFiles/cmTC_df863.dir/src.cxx.o
/usr/bin/c++    -DCMAKE_CXX_COMPILER_SUPPORTS__Wno_format_zero_length   -Wno-format-zero-length -o CMakeFiles/cmTC_df863.dir/src.cxx.o -c /home/mxr/catkin_laikago/src/lcm-1.4.0/build/CMakeFiles/CMakeTmp/src.cxx
Linking CXX executable cmTC_df863
/usr/local/bin/cmake -E cmake_link_script CMakeFiles/cmTC_df863.dir/link.txt --verbose=1
/usr/bin/c++   -DCMAKE_CXX_COMPILER_SUPPORTS__Wno_format_zero_length    -rdynamic CMakeFiles/cmTC_df863.dir/src.cxx.o  -o cmTC_df863 
make[1]: Leaving directory '/home/mxr/catkin_laikago/src/lcm-1.4.0/build/CMakeFiles/CMakeTmp'

Source file was:
int main() { return 0; }
Determining if the include file pthread.h exists passed with the following output:
Change Dir: /home/mxr/catkin_laikago/src/lcm-1.4.0/build/CMakeFiles/CMakeTmp

Run Build Command:"/usr/bin/make" "cmTC_1d158/fast"
/usr/bin/make -f CMakeFiles/cmTC_1d158.dir/build.make CMakeFiles/cmTC_1d158.dir/build
make[1]: Entering directory '/home/mxr/catkin_laikago/src/lcm-1.4.0/build/CMakeFiles/CMakeTmp'
Building C object CMakeFiles/cmTC_1d158.dir/CheckIncludeFile.c.o
/usr/bin/cc   -std=gnu99 -Wno-format-zero-length    -o CMakeFiles/cmTC_1d158.dir/CheckIncludeFile.c.o   -c /home/mxr/catkin_laikago/src/lcm-1.4.0/build/CMakeFiles/CMakeTmp/CheckIncludeFile.c
Linking C executable cmTC_1d158
/usr/local/bin/cmake -E cmake_link_script CMakeFiles/cmTC_1d158.dir/link.txt --verbose=1
/usr/bin/cc  -std=gnu99 -Wno-format-zero-length     -rdynamic CMakeFiles/cmTC_1d158.dir/CheckIncludeFile.c.o  -o cmTC_1d158 
make[1]: Leaving directory '/home/mxr/catkin_laikago/src/lcm-1.4.0/build/CMakeFiles/CMakeTmp'


Determining if the function pthread_create exists in the pthread passed with the following output:
Change Dir: /home/mxr/catkin_laikago/src/lcm-1.4.0/build/CMakeFiles/CMakeTmp

Run Build Command:"/usr/bin/make" "cmTC_a1311/fast"
/usr/bin/make -f CMakeFiles/cmTC_a1311.dir/build.make CMakeFiles/cmTC_a1311.dir/build
make[1]: Entering directory '/home/mxr/catkin_laikago/src/lcm-1.4.0/build/CMakeFiles/CMakeTmp'
Building C object CMakeFiles/cmTC_a1311.dir/CheckFunctionExists.c.o
/usr/bin/cc   -std=gnu99 -Wno-format-zero-length -DCHECK_FUNCTION_EXISTS=pthread_create   -o CMakeFiles/cmTC_a1311.dir/CheckFunctionExists.c.o   -c /usr/local/share/cmake-3.10/Modules/CheckFunctionExists.c
Linking C executable cmTC_a1311
/usr/local/bin/cmake -E cmake_link_script CMakeFiles/cmTC_a1311.dir/link.txt --verbose=1
/usr/bin/cc  -std=gnu99 -Wno-format-zero-length -DCHECK_FUNCTION_EXISTS=pthread_create    -rdynamic CMakeFiles/cmTC_a1311.dir/CheckFunctionExists.c.o  -o cmTC_a1311 -lpthread 
make[1]: Leaving directory '/home/mxr/catkin_laikago/src/lcm-1.4.0/build/CMakeFiles/CMakeTmp'


Performing C++ SOURCE FILE Test COMPILER_HAS_HIDDEN_VISIBILITY succeeded with the following output:
Change Dir: /home/mxr/catkin_laikago/src/lcm-1.4.0/build/CMakeFiles/CMakeTmp

Run Build Command:"/usr/bin/make" "cmTC_47ded/fast"
/usr/bin/make -f CMakeFiles/cmTC_47ded.dir/build.make CMakeFiles/cmTC_47ded.dir/build
make[1]: Entering directory '/home/mxr/catkin_laikago/src/lcm-1.4.0/build/CMakeFiles/CMakeTmp'
Building CXX object CMakeFiles/cmTC_47ded.dir/src.cxx.o
/usr/bin/c++    -Wno-format-zero-length -DCOMPILER_HAS_HIDDEN_VISIBILITY -fPIE   -fvisibility=hidden -o CMakeFiles/cmTC_47ded.dir/src.cxx.o -c /home/mxr/catkin_laikago/src/lcm-1.4.0/build/CMakeFiles/CMakeTmp/src.cxx
Linking CXX executable cmTC_47ded
/usr/local/bin/cmake -E cmake_link_script CMakeFiles/cmTC_47ded.dir/link.txt --verbose=1
/usr/bin/c++   -Wno-format-zero-length -DCOMPILER_HAS_HIDDEN_VISIBILITY    -rdynamic CMakeFiles/cmTC_47ded.dir/src.cxx.o  -o cmTC_47ded 
make[1]: Leaving directory '/home/mxr/catkin_laikago/src/lcm-1.4.0/build/CMakeFiles/CMakeTmp'

Source file was:
int main() { return 0; }
Performing C++ SOURCE FILE Test COMPILER_HAS_HIDDEN_INLINE_VISIBILITY succeeded with the following output:
Change Dir: /home/mxr/catkin_laikago/src/lcm-1.4.0/build/CMakeFiles/CMakeTmp

Run Build Command:"/usr/bin/make" "cmTC_c5f18/fast"
/usr/bin/make -f CMakeFiles/cmTC_c5f18.dir/build.make CMakeFiles/cmTC_c5f18.dir/build
make[1]: Entering directory '/home/mxr/catkin_laikago/src/lcm-1.4.0/build/CMakeFiles/CMakeTmp'
Building CXX object CMakeFiles/cmTC_c5f18.dir/src.cxx.o
/usr/bin/c++    -Wno-format-zero-length -DCOMPILER_HAS_HIDDEN_INLINE_VISIBILITY -fPIE   -fvisibility-inlines-hidden -o CMakeFiles/cmTC_c5f18.dir/src.cxx.o -c /home/mxr/catkin_laikago/src/lcm-1.4.0/build/CMakeFiles/CMakeTmp/src.cxx
Linking CXX executable cmTC_c5f18
/usr/local/bin/cmake -E cmake_link_script CMakeFiles/cmTC_c5f18.dir/link.txt --verbose=1
/usr/bin/c++   -Wno-format-zero-length -DCOMPILER_HAS_HIDDEN_INLINE_VISIBILITY    -rdynamic CMakeFiles/cmTC_c5f18.dir/src.cxx.o  -o cmTC_c5f18 
make[1]: Leaving directory '/home/mxr/catkin_laikago/src/lcm-1.4.0/build/CMakeFiles/CMakeTmp'

Source file was:
int main() { return 0; }
Performing C++ SOURCE FILE Test COMPILER_HAS_DEPRECATED_ATTR succeeded with the following output:
Change Dir: /home/mxr/catkin_laikago/src/lcm-1.4.0/build/CMakeFiles/CMakeTmp

Run Build Command:"/usr/bin/make" "cmTC_1fa78/fast"
/usr/bin/make -f CMakeFiles/cmTC_1fa78.dir/build.make CMakeFiles/cmTC_1fa78.dir/build
make[1]: Entering directory '/home/mxr/catkin_laikago/src/lcm-1.4.0/build/CMakeFiles/CMakeTmp'
Building CXX object CMakeFiles/cmTC_1fa78.dir/src.cxx.o
/usr/bin/c++    -Wno-format-zero-length -DCOMPILER_HAS_DEPRECATED_ATTR -fPIE   -o CMakeFiles/cmTC_1fa78.dir/src.cxx.o -c /home/mxr/catkin_laikago/src/lcm-1.4.0/build/CMakeFiles/CMakeTmp/src.cxx
/home/mxr/catkin_laikago/src/lcm-1.4.0/build/CMakeFiles/CMakeTmp/src.cxx: In function int main():
/home/mxr/catkin_laikago/src/lcm-1.4.0/build/CMakeFiles/CMakeTmp/src.cxx:2:25: warning: int somefunc() is deprecated [-Wdeprecated-declarations]
     int main() { return somefunc();}
                         ^
/home/mxr/catkin_laikago/src/lcm-1.4.0/build/CMakeFiles/CMakeTmp/src.cxx:1:37: note: declared here
 __attribute__((__deprecated__)) int somefunc() { return 0; }
                                     ^
/home/mxr/catkin_laikago/src/lcm-1.4.0/build/CMakeFiles/CMakeTmp/src.cxx:2:25: warning: int somefunc() is deprecated [-Wdeprecated-declarations]
     int main() { return somefunc();}
                         ^
/home/mxr/catkin_laikago/src/lcm-1.4.0/build/CMakeFiles/CMakeTmp/src.cxx:1:37: note: declared here
 __attribute__((__deprecated__)) int somefunc() { return 0; }
                                     ^
/home/mxr/catkin_laikago/src/lcm-1.4.0/build/CMakeFiles/CMakeTmp/src.cxx:2:34: warning: int somefunc() is deprecated [-Wdeprecated-declarations]
     int main() { return somefunc();}
                                  ^
/home/mxr/catkin_laikago/src/lcm-1.4.0/build/CMakeFiles/CMakeTmp/src.cxx:1:37: note: declared here
 __attribute__((__deprecated__)) int somefunc() { return 0; }
                                     ^
Linking CXX executable cmTC_1fa78
/usr/local/bin/cmake -E cmake_link_script CMakeFiles/cmTC_1fa78.dir/link.txt --verbose=1
/usr/bin/c++   -Wno-format-zero-length -DCOMPILER_HAS_DEPRECATED_ATTR    -rdynamic CMakeFiles/cmTC_1fa78.dir/src.cxx.o  -o cmTC_1fa78 
make[1]: Leaving directory '/home/mxr/catkin_laikago/src/lcm-1.4.0/build/CMakeFiles/CMakeTmp'

Source file was:
__attribute__((__deprecated__)) int somefunc() { return 0; }
    int main() { return somefunc();}
